{"numFailedTestSuites":0,"numFailedTests":0,"numPassedTestSuites":1,"numPassedTests":24,"numPendingTestSuites":0,"numPendingTests":0,"numRuntimeErrorTestSuites":0,"numTodoTests":0,"numTotalTestSuites":1,"numTotalTests":24,"openHandles":[],"snapshot":{"added":0,"didUpdate":false,"failure":false,"filesAdded":0,"filesRemoved":0,"filesRemovedList":[],"filesUnmatched":0,"filesUpdated":0,"matched":0,"total":0,"unchecked":0,"uncheckedKeysByFile":[],"unmatched":0,"updated":0},"startTime":1772806569647,"success":true,"testResults":[{"assertionResults":[{"ancestorTitles":["PropertyInfo","constructor and basic properties"],"duration":3,"failureDetails":[],"failureMessages":[],"fullName":"PropertyInfo constructor and basic properties should create PropertyInfo with correct basic properties","invocations":1,"location":null,"numPassingAsserts":18,"retryReasons":[],"status":"passed","title":"should create PropertyInfo with correct basic properties"},{"ancestorTitles":["PropertyInfo","constructor and basic properties"],"duration":0,"failureDetails":[],"failureMessages":[],"fullName":"PropertyInfo constructor and basic properties should expose nullable and optional flags from schema","invocations":1,"location":null,"numPassingAsserts":4,"retryReasons":[],"status":"passed","title":"should expose nullable and optional flags from schema"},{"ancestorTitles":["PropertyInfo","constructor and basic properties"],"duration":0,"failureDetails":[],"failureMessages":[],"fullName":"PropertyInfo constructor and basic properties should expose parent relationship for nested property","invocations":1,"location":null,"numPassingAsserts":2,"retryReasons":[],"status":"passed","title":"should expose parent relationship for nested property"},{"ancestorTitles":["PropertyInfo","id and level"],"duration":1,"failureDetails":[],"failureMessages":[],"fullName":"PropertyInfo id and level should expose id path values","invocations":1,"location":null,"numPassingAsserts":3,"retryReasons":[],"status":"passed","title":"should expose id path values"},{"ancestorTitles":["PropertyInfo","id and level"],"duration":0,"failureDetails":[],"failureMessages":[],"fullName":"PropertyInfo id and level should expose level values","invocations":1,"location":null,"numPassingAsserts":3,"retryReasons":[],"status":"passed","title":"should expose level values"},{"ancestorTitles":["PropertyInfo","path array helpers"],"duration":0,"failureDetails":[],"failureMessages":[],"fullName":"PropertyInfo path array helpers should return full path arrays","invocations":1,"location":null,"numPassingAsserts":3,"retryReasons":[],"status":"passed","title":"should return full path arrays"},{"ancestorTitles":["PropertyInfo","path array helpers"],"duration":1,"failureDetails":[],"failureMessages":[],"fullName":"PropertyInfo path array helpers should return parent path arrays","invocations":1,"location":null,"numPassingAsserts":3,"retryReasons":[],"status":"passed","title":"should return parent path arrays"},{"ancestorTitles":["PropertyInfo","parent/child traits"],"duration":0,"failureDetails":[],"failureMessages":[],"fullName":"PropertyInfo parent/child traits hasNullableParents should use real parent optionality","invocations":1,"location":null,"numPassingAsserts":3,"retryReasons":[],"status":"passed","title":"hasNullableParents should use real parent optionality"},{"ancestorTitles":["PropertyInfo","parent/child traits"],"duration":0,"failureDetails":[],"failureMessages":[],"fullName":"PropertyInfo parent/child traits hasIdentityChildren should detect recursive identity children","invocations":1,"location":null,"numPassingAsserts":2,"retryReasons":[],"status":"passed","title":"hasIdentityChildren should detect recursive identity children"},{"ancestorTitles":["PropertyInfo","getValue and setValue"],"duration":1,"failureDetails":[],"failureMessages":[],"fullName":"PropertyInfo getValue and setValue getValue should support nullish short-circuit and nested lookup","invocations":1,"location":null,"numPassingAsserts":6,"retryReasons":[],"status":"passed","title":"getValue should support nullish short-circuit and nested lookup"},{"ancestorTitles":["PropertyInfo","getValue and setValue"],"duration":0,"failureDetails":[],"failureMessages":[],"fullName":"PropertyInfo getValue and setValue setValue should write paths and create intermediates","invocations":1,"location":null,"numPassingAsserts":3,"retryReasons":[],"status":"passed","title":"setValue should write paths and create intermediates"},{"ancestorTitles":["PropertyInfo","getValue and setValue"],"duration":11,"failureDetails":[],"failureMessages":[],"fullName":"PropertyInfo getValue and setValue setValue should throw for nullish instance","invocations":1,"location":null,"numPassingAsserts":2,"retryReasons":[],"status":"passed","title":"setValue should throw for nullish instance"},{"ancestorTitles":["PropertyInfo","selector and assignment paths"],"duration":0,"failureDetails":[],"failureMessages":[],"fullName":"PropertyInfo selector and assignment paths should produce selector paths","invocations":1,"location":null,"numPassingAsserts":6,"retryReasons":[],"status":"passed","title":"should produce selector paths"},{"ancestorTitles":["PropertyInfo","selector and assignment paths"],"duration":1,"failureDetails":[],"failureMessages":[],"fullName":"PropertyInfo selector and assignment paths should produce assignment paths","invocations":1,"location":null,"numPassingAsserts":6,"retryReasons":[],"status":"passed","title":"should produce assignment paths"},{"ancestorTitles":["PropertyInfo","selector and assignment paths"],"duration":0,"failureDetails":[],"failureMessages":[],"fullName":"PropertyInfo selector and assignment paths should use remapped names for schema-represented properties","invocations":1,"location":null,"numPassingAsserts":2,"retryReasons":[],"status":"passed","title":"should use remapped names for schema-represented properties"},{"ancestorTitles":["PropertyInfo","resolved names and deserialization support"],"duration":0,"failureDetails":[],"failureMessages":[],"fullName":"PropertyInfo resolved names and deserialization support should resolve remapped and original names","invocations":1,"location":null,"numPassingAsserts":2,"retryReasons":[],"status":"passed","title":"should resolve remapped and original names"},{"ancestorTitles":["PropertyInfo","resolved names and deserialization support"],"duration":0,"failureDetails":[],"failureMessages":[],"fullName":"PropertyInfo resolved names and deserialization support should build selector path from remapped names","invocations":1,"location":null,"numPassingAsserts":1,"retryReasons":[],"status":"passed","title":"should build selector path from remapped names"},{"ancestorTitles":["PropertyInfo","resolved names and deserialization support"],"duration":0,"failureDetails":[],"failureMessages":[],"fullName":"PropertyInfo resolved names and deserialization support should report deserialization support","invocations":1,"location":null,"numPassingAsserts":6,"retryReasons":[],"status":"passed","title":"should report deserialization support"},{"ancestorTitles":["PropertyInfo","memory plugin schema coverage"],"duration":0,"failureDetails":[],"failureMessages":[],"fullName":"PropertyInfo memory plugin schema coverage should expose literal string values and array inner schemas","invocations":1,"location":null,"numPassingAsserts":4,"retryReasons":[],"status":"passed","title":"should expose literal string values and array inner schemas"},{"ancestorTitles":["PropertyInfo","memory plugin schema coverage"],"duration":0,"failureDetails":[],"failureMessages":[],"fullName":"PropertyInfo memory plugin schema coverage should expose key identity and remapped identity combinations used by memory schemas","invocations":1,"location":null,"numPassingAsserts":9,"retryReasons":[],"status":"passed","title":"should expose key identity and remapped identity combinations used by memory schemas"},{"ancestorTitles":["PropertyInfo","memory plugin schema coverage"],"duration":1,"failureDetails":[],"failureMessages":[],"fullName":"PropertyInfo memory plugin schema coverage should expose literal and injected defaults from memory schemas","invocations":1,"location":null,"numPassingAsserts":5,"retryReasons":[],"status":"passed","title":"should expose literal and injected defaults from memory schemas"},{"ancestorTitles":["PropertyInfo","memory plugin schema coverage"],"duration":0,"failureDetails":[],"failureMessages":[],"fullName":"PropertyInfo memory plugin schema coverage should expose optional object parent behavior from memory schemas","invocations":1,"location":null,"numPassingAsserts":5,"retryReasons":[],"status":"passed","title":"should expose optional object parent behavior from memory schemas"},{"ancestorTitles":["PropertyInfo","memory plugin schema coverage"],"duration":0,"failureDetails":[],"failureMessages":[],"fullName":"PropertyInfo memory plugin schema coverage should expose date default and deserializer combinations used by memory schemas","invocations":1,"location":null,"numPassingAsserts":4,"retryReasons":[],"status":"passed","title":"should expose date default and deserializer combinations used by memory schemas"},{"ancestorTitles":["PropertyInfo","memory plugin schema coverage"],"duration":1,"failureDetails":[],"failureMessages":[],"fullName":"PropertyInfo memory plugin schema coverage should expose computed and function metadata from memory schemas","invocations":1,"location":null,"numPassingAsserts":15,"retryReasons":[],"status":"passed","title":"should expose computed and function metadata from memory schemas"}],"endTime":1772806571828,"message":"","name":"/var/home/jdemeuse/Repos/routier/core/src/schema/PropertyInfo.test.ts","startTime":1772806569819,"status":"passed","summary":""}],"wasInterrupted":false}
